<?xml version="1.0" encoding="UTF-8"?>
<robot generator="Robot 3.1.1 (Python 3.7.1 on darwin)" generated="20190313 13:30:10.602" rpa="false">
<suite id="s1" name="Robot" source="/Users/nathan_patnam/Code/Travis_CI/python-travis-lab/src/tests/acceptance/robot.robot">
<test id="s1-t1" name="Push button">
<kw name="Push Button" library="CalculatorLibrary">
<doc>Pushes the specified ``button``.
The given value is passed to the calculator directly. Valid buttons
are everything that the calculator accepts.
Examples:
| Push Button | 1 |
| Push Button | C |
Use `Push Buttons` if you need to input longer expressions.</doc>
<arguments>
<arg>1</arg>
</arguments>
<status status="PASS" starttime="20190313 13:30:10.629" endtime="20190313 13:30:10.629"></status>
</kw>
<kw name="Result Should Be" library="CalculatorLibrary">
<doc>Verifies that the current result is ``expected``.
Example:
| Push Buttons     | 1 + 2 = |
| Result Should Be | 3       |</doc>
<arguments>
<arg>1</arg>
</arguments>
<status status="PASS" starttime="20190313 13:30:10.629" endtime="20190313 13:30:10.629"></status>
</kw>
<status status="PASS" starttime="20190313 13:30:10.628" endtime="20190313 13:30:10.630" critical="yes"></status>
</test>
<test id="s1-t2" name="Push multiple buttons">
<kw name="Push Button" library="CalculatorLibrary">
<doc>Pushes the specified ``button``.
The given value is passed to the calculator directly. Valid buttons
are everything that the calculator accepts.
Examples:
| Push Button | 1 |
| Push Button | C |
Use `Push Buttons` if you need to input longer expressions.</doc>
<arguments>
<arg>1</arg>
</arguments>
<status status="PASS" starttime="20190313 13:30:10.630" endtime="20190313 13:30:10.630"></status>
</kw>
<kw name="Push Button" library="CalculatorLibrary">
<doc>Pushes the specified ``button``.
The given value is passed to the calculator directly. Valid buttons
are everything that the calculator accepts.
Examples:
| Push Button | 1 |
| Push Button | C |
Use `Push Buttons` if you need to input longer expressions.</doc>
<arguments>
<arg>2</arg>
</arguments>
<status status="PASS" starttime="20190313 13:30:10.630" endtime="20190313 13:30:10.630"></status>
</kw>
<kw name="Result Should Be" library="CalculatorLibrary">
<doc>Verifies that the current result is ``expected``.
Example:
| Push Buttons     | 1 + 2 = |
| Result Should Be | 3       |</doc>
<arguments>
<arg>12</arg>
</arguments>
<status status="PASS" starttime="20190313 13:30:10.631" endtime="20190313 13:30:10.631"></status>
</kw>
<status status="PASS" starttime="20190313 13:30:10.630" endtime="20190313 13:30:10.631" critical="yes"></status>
</test>
<test id="s1-t3" name="Simple calculation">
<kw name="Push Button" library="CalculatorLibrary">
<doc>Pushes the specified ``button``.
The given value is passed to the calculator directly. Valid buttons
are everything that the calculator accepts.
Examples:
| Push Button | 1 |
| Push Button | C |
Use `Push Buttons` if you need to input longer expressions.</doc>
<arguments>
<arg>1</arg>
</arguments>
<status status="PASS" starttime="20190313 13:30:10.631" endtime="20190313 13:30:10.631"></status>
</kw>
<kw name="Push Button" library="CalculatorLibrary">
<doc>Pushes the specified ``button``.
The given value is passed to the calculator directly. Valid buttons
are everything that the calculator accepts.
Examples:
| Push Button | 1 |
| Push Button | C |
Use `Push Buttons` if you need to input longer expressions.</doc>
<arguments>
<arg>+</arg>
</arguments>
<status status="PASS" starttime="20190313 13:30:10.631" endtime="20190313 13:30:10.632"></status>
</kw>
<kw name="Push Button" library="CalculatorLibrary">
<doc>Pushes the specified ``button``.
The given value is passed to the calculator directly. Valid buttons
are everything that the calculator accepts.
Examples:
| Push Button | 1 |
| Push Button | C |
Use `Push Buttons` if you need to input longer expressions.</doc>
<arguments>
<arg>2</arg>
</arguments>
<status status="PASS" starttime="20190313 13:30:10.632" endtime="20190313 13:30:10.632"></status>
</kw>
<kw name="Push Button" library="CalculatorLibrary">
<doc>Pushes the specified ``button``.
The given value is passed to the calculator directly. Valid buttons
are everything that the calculator accepts.
Examples:
| Push Button | 1 |
| Push Button | C |
Use `Push Buttons` if you need to input longer expressions.</doc>
<arguments>
<arg>=</arg>
</arguments>
<status status="PASS" starttime="20190313 13:30:10.632" endtime="20190313 13:30:10.632"></status>
</kw>
<kw name="Result Should Be" library="CalculatorLibrary">
<doc>Verifies that the current result is ``expected``.
Example:
| Push Buttons     | 1 + 2 = |
| Result Should Be | 3       |</doc>
<arguments>
<arg>3</arg>
</arguments>
<status status="PASS" starttime="20190313 13:30:10.632" endtime="20190313 13:30:10.632"></status>
</kw>
<status status="PASS" starttime="20190313 13:30:10.631" endtime="20190313 13:30:10.632" critical="yes"></status>
</test>
<test id="s1-t4" name="Longer calculation">
<kw name="Push Buttons" library="CalculatorLibrary">
<doc>Pushes the specified ``buttons``.
Uses `Push Button` to push all the buttons that must be given as
a single string. Possible spaces are ignored.
Example:
| Push Buttons | 1 + 2 = |</doc>
<arguments>
<arg>5 + 4 - 3 * 2 / 1 =</arg>
</arguments>
<status status="PASS" starttime="20190313 13:30:10.634" endtime="20190313 13:30:10.634"></status>
</kw>
<kw name="Result Should Be" library="CalculatorLibrary">
<doc>Verifies that the current result is ``expected``.
Example:
| Push Buttons     | 1 + 2 = |
| Result Should Be | 3       |</doc>
<arguments>
<arg>3</arg>
</arguments>
<status status="PASS" starttime="20190313 13:30:10.634" endtime="20190313 13:30:10.635"></status>
</kw>
<status status="PASS" starttime="20190313 13:30:10.633" endtime="20190313 13:30:10.635" critical="yes"></status>
</test>
<test id="s1-t5" name="Clear">
<kw name="Push Button" library="CalculatorLibrary">
<doc>Pushes the specified ``button``.
The given value is passed to the calculator directly. Valid buttons
are everything that the calculator accepts.
Examples:
| Push Button | 1 |
| Push Button | C |
Use `Push Buttons` if you need to input longer expressions.</doc>
<arguments>
<arg>1</arg>
</arguments>
<status status="PASS" starttime="20190313 13:30:10.637" endtime="20190313 13:30:10.638"></status>
</kw>
<kw name="Push Button" library="CalculatorLibrary">
<doc>Pushes the specified ``button``.
The given value is passed to the calculator directly. Valid buttons
are everything that the calculator accepts.
Examples:
| Push Button | 1 |
| Push Button | C |
Use `Push Buttons` if you need to input longer expressions.</doc>
<arguments>
<arg>C</arg>
</arguments>
<status status="PASS" starttime="20190313 13:30:10.638" endtime="20190313 13:30:10.638"></status>
</kw>
<kw name="Result Should Be" library="CalculatorLibrary">
<doc>Verifies that the current result is ``expected``.
Example:
| Push Buttons     | 1 + 2 = |
| Result Should Be | 3       |</doc>
<arguments>
<arg>${EMPTY}</arg>
</arguments>
<status status="PASS" starttime="20190313 13:30:10.638" endtime="20190313 13:30:10.639"></status>
</kw>
<status status="PASS" starttime="20190313 13:30:10.637" endtime="20190313 13:30:10.639" critical="yes"></status>
</test>
<doc>Example test cases using the keyword-driven testing approach.

All tests contain a workflow constructed from keywords in
``CalculatorLibrary.py``. Creating new tests or editing
existing is easy even for people without programming skills.

The _keyword-driven_ appoach works well for normal test
automation, but the _gherkin_ style might be even better
if also business people need to understand tests. If the
same workflow needs to repeated multiple times, it is best
to use to the _data-driven_ approach.</doc>
<status status="PASS" starttime="20190313 13:30:10.604" endtime="20190313 13:30:10.639"></status>
</suite>
<statistics>
<total>
<stat pass="5" fail="0">Critical Tests</stat>
<stat pass="5" fail="0">All Tests</stat>
</total>
<tag>
</tag>
<suite>
<stat pass="5" fail="0" id="s1" name="Robot">Robot</stat>
</suite>
</statistics>
<errors>
</errors>
</robot>
